2024-08-21 23:43:46,964 [Worker-6: Loading available Gradle versions] INFO  o.e.b.c.i.u.g.PublishedGradleVersions - Gradle version information cache is up-to-date. Trying to read.
2024-08-21 23:45:56,064 [Worker-14: Importing Maven projects] INFO  o.e.m.c.i.l.LifecycleMappingFactory - Using org.eclipse.m2e.jdt.JarLifecycleMapping lifecycle mapping for MavenProject: com.product:productRetailManagement:0.0.1-SNAPSHOT @ C:\Users\Lenovo\Desktop\workspace 5\productRetailManagement\productRetailManagement\pom.xml.
2024-08-21 23:45:58,182 [Worker-14: Importing Maven projects] INFO  o.e.m.j.i.AbstractJavaProjectConfigurator - Adding source folder /productRetailManagement/src/main/java
2024-08-21 23:45:58,184 [Worker-14: Importing Maven projects] INFO  o.e.m.j.i.AbstractJavaProjectConfigurator - Adding resource folder /productRetailManagement/src/main/resources
2024-08-21 23:45:58,202 [Worker-14: Importing Maven projects] INFO  o.e.m.j.i.AbstractJavaProjectConfigurator - Adding resource folder /productRetailManagement/src/main/resources
2024-08-21 23:45:58,217 [Worker-14: Importing Maven projects] INFO  o.e.m.j.i.AbstractJavaProjectConfigurator - Adding source folder /productRetailManagement/src/test/java
2024-08-21 23:46:00,494 [Worker-14: Importing Maven projects] INFO  o.e.m.c.i.p.ProjectConfigurationManager - Imported and configured 1 project(s) in 6 sec
2024-08-21 23:46:00,582 [Worker-14: Updating Maven Project] INFO  o.e.m.c.i.p.ProjectConfigurationManager - Update started
2024-08-21 23:46:01,114 [Worker-14: Updating Maven Project] INFO  o.e.m.c.i.l.LifecycleMappingFactory - Using org.eclipse.m2e.jdt.JarLifecycleMapping lifecycle mapping for MavenProject: com.product:productRetailManagement:0.0.1-SNAPSHOT @ C:\Users\Lenovo\Desktop\workspace 5\productRetailManagement\productRetailManagement\pom.xml.
2024-08-21 23:46:02,353 [Worker-14: Updating Maven Project] INFO  o.e.m.j.i.AbstractJavaProjectConfigurator - Adding source folder /productRetailManagement/src/main/java
2024-08-21 23:46:02,353 [Worker-14: Updating Maven Project] INFO  o.e.m.j.i.AbstractJavaProjectConfigurator - Adding resource folder /productRetailManagement/src/main/resources
2024-08-21 23:46:02,354 [Worker-14: Updating Maven Project] INFO  o.e.m.j.i.AbstractJavaProjectConfigurator - Adding resource folder /productRetailManagement/src/main/resources
2024-08-21 23:46:02,356 [Worker-14: Updating Maven Project] INFO  o.e.m.j.i.AbstractJavaProjectConfigurator - Adding source folder /productRetailManagement/src/test/java
2024-08-21 23:46:03,291 [Worker-14: Updating Maven Project] INFO  o.e.m.c.i.p.ProjectConfigurationManager - Update completed for 1 poms: local refresh takes 0.00 sec, refresh facades takes 1.00 sec, update config takes 0.00 sec 
2024-08-21 23:46:03,914 [Worker-30: Building] INFO  o.a.m.s.f.DefaultMavenResourcesFiltering - Copying 1 resource from src\main\resources to target\classes
2024-08-21 23:46:03,936 [Worker-30: Building] INFO  o.a.m.s.f.DefaultMavenResourcesFiltering - Copying 0 resource from src\main\resources to target\classes
2024-08-21 23:46:03,944 [Worker-30: Building] INFO  o.a.m.s.f.DefaultMavenResourcesFiltering - skip non existing resourceDirectory C:\Users\Lenovo\Desktop\workspace 5\productRetailManagement\productRetailManagement\src\test\resources
2024-08-21 23:46:16,615 [Worker-29: Building] INFO  o.e.m.c.i.l.LifecycleMappingFactory - Using org.eclipse.m2e.jdt.JarLifecycleMapping lifecycle mapping for MavenProject: com.product:productRetailManagement:0.0.1-SNAPSHOT @ C:\Users\Lenovo\Desktop\workspace 5\productRetailManagement\productRetailManagement\pom.xml.
2024-08-21 23:46:17,474 [Worker-29: Building] INFO  o.a.m.s.f.DefaultMavenResourcesFiltering - Copying 1 resource from src\main\resources to target\classes
2024-08-21 23:46:17,477 [Worker-29: Building] INFO  o.a.m.s.f.DefaultMavenResourcesFiltering - Copying 0 resource from src\main\resources to target\classes
2024-08-21 23:46:17,483 [Worker-29: Building] INFO  o.a.m.s.f.DefaultMavenResourcesFiltering - skip non existing resourceDirectory C:\Users\Lenovo\Desktop\workspace 5\productRetailManagement\productRetailManagement\src\test\resources
2024-08-21 23:46:41,529 [Worker-32: Building] INFO  o.e.m.c.i.l.LifecycleMappingFactory - Using org.eclipse.m2e.jdt.JarLifecycleMapping lifecycle mapping for MavenProject: com.product:productRetailManagement:0.0.1-SNAPSHOT @ C:\Users\Lenovo\Desktop\workspace 5\product\pom.xml.
2024-08-21 23:46:42,851 [Worker-32: Building] INFO  o.a.m.s.f.DefaultMavenResourcesFiltering - Copying 1 resource from src\main\resources to target\classes
2024-08-21 23:46:42,872 [Worker-32: Building] INFO  o.a.m.s.f.DefaultMavenResourcesFiltering - Copying 0 resource from src\main\resources to target\classes
2024-08-21 23:46:42,877 [Worker-32: Building] INFO  o.a.m.s.f.DefaultMavenResourcesFiltering - skip non existing resourceDirectory C:\Users\Lenovo\Desktop\workspace 5\product\src\test\resources
